0 info it worked if it ends with ok
1 verbose cli [ '/Users/ebenpack/.nvm/versions/node/v6.10.2/bin/node',
1 verbose cli   '/Users/ebenpack/.nvm/versions/node/v6.10.2/bin/npm',
1 verbose cli   'install' ]
2 info using npm@3.10.10
3 info using node@v6.10.2
4 silly loadCurrentTree Starting
5 silly install loadCurrentTree
6 silly install readLocalPackageData
7 silly install normalizeTree
8 silly loadCurrentTree Finishing
9 silly loadIdealTree Starting
10 silly install loadIdealTree
11 silly cloneCurrentTree Starting
12 silly install cloneCurrentTreeToIdealTree
13 silly cloneCurrentTree Finishing
14 silly loadShrinkwrap Starting
15 silly install loadShrinkwrap
16 silly loadShrinkwrap Finishing
17 silly loadAllDepsIntoIdealTree Starting
18 silly install loadAllDepsIntoIdealTree
19 silly loadAllDepsIntoIdealTree Finishing
20 silly loadIdealTree Finishing
21 silly currentTree site@0.0.1
21 silly currentTree ├── @browserify/acorn5-object-spread@5.0.1
21 silly currentTree ├── @types/node@8.9.4
21 silly currentTree ├─┬ acorn-dynamic-import@2.0.2
21 silly currentTree │ └── acorn@4.0.13
21 silly currentTree ├── acorn-node@1.3.0
21 silly currentTree ├── acorn@5.4.1
21 silly currentTree ├── ajv-keywords@3.1.0
21 silly currentTree ├── ajv@6.1.1
21 silly currentTree ├── align-text@0.1.4
21 silly currentTree ├── ansi-regex@2.1.1
21 silly currentTree ├── ansi-styles@3.2.0
21 silly currentTree ├── anymatch@1.3.2
21 silly currentTree ├── arr-diff@2.0.0
21 silly currentTree ├── arr-flatten@1.1.0
21 silly currentTree ├── array-filter@0.0.1
21 silly currentTree ├── array-map@0.0.0
21 silly currentTree ├── array-reduce@0.0.0
21 silly currentTree ├── array-unique@0.2.1
21 silly currentTree ├── asciify@0.0.1
21 silly currentTree ├── asn1.js@4.10.1
21 silly currentTree ├── assert@1.4.1
21 silly currentTree ├── astar@0.0.1
21 silly currentTree ├─┬ astw@2.2.0
21 silly currentTree │ └── acorn@4.0.13
21 silly currentTree ├── async-each@1.0.1
21 silly currentTree ├── async@2.6.0
21 silly currentTree ├── balanced-match@1.0.0
21 silly currentTree ├── base64-js@1.2.3
21 silly currentTree ├── big.js@3.2.0
21 silly currentTree ├── binary-extensions@1.11.0
21 silly currentTree ├── bn.js@4.11.8
21 silly currentTree ├── boltzmann@0.0.1
21 silly currentTree ├── brace-expansion@1.1.11
21 silly currentTree ├── braces@1.8.5
21 silly currentTree ├── brorand@1.1.0
21 silly currentTree ├── browser-pack@6.0.4
21 silly currentTree ├─┬ browser-resolve@1.11.2
21 silly currentTree │ └── resolve@1.1.7
21 silly currentTree ├── browserify-aes@1.1.1
21 silly currentTree ├── browserify-cipher@1.0.0
21 silly currentTree ├── browserify-des@1.0.0
21 silly currentTree ├── browserify-rsa@4.0.1
21 silly currentTree ├── browserify-sign@4.0.4
21 silly currentTree ├── browserify-zlib@0.2.0
21 silly currentTree ├─┬ browserify@16.1.0
21 silly currentTree │ ├── buffer@5.1.0
21 silly currentTree │ ├── events@2.0.0
21 silly currentTree │ ├── timers-browserify@1.4.2
21 silly currentTree │ └── tty-browserify@0.0.1
21 silly currentTree ├── buffer-xor@1.0.3
21 silly currentTree ├── buffer@4.9.1
21 silly currentTree ├── builtin-modules@1.1.1
21 silly currentTree ├── builtin-status-codes@3.0.0
21 silly currentTree ├── cached-path-relative@1.0.1
21 silly currentTree ├── camelcase@1.2.1
21 silly currentTree ├── center-align@0.1.3
21 silly currentTree ├── chalk@2.3.1
21 silly currentTree ├── chokidar@1.7.0
21 silly currentTree ├── cipher-base@1.0.4
21 silly currentTree ├── cliui@2.1.0
21 silly currentTree ├── code-point-at@1.1.0
21 silly currentTree ├── color-convert@1.9.1
21 silly currentTree ├── color-name@1.1.3
21 silly currentTree ├── colour@0.0.1
21 silly currentTree ├── combine-source-map@0.8.0
21 silly currentTree ├── concat-map@0.0.1
21 silly currentTree ├── concat-stream@1.6.0
21 silly currentTree ├── console-browserify@1.1.0
21 silly currentTree ├── constants-browserify@1.0.0
21 silly currentTree ├── convert-source-map@1.1.3
21 silly currentTree ├── conway@0.0.1
21 silly currentTree ├── core-util-is@1.0.2
21 silly currentTree ├── create-ecdh@4.0.0
21 silly currentTree ├── create-hash@1.1.3
21 silly currentTree ├── create-hmac@1.1.6
21 silly currentTree ├── cross-spawn@5.1.0
21 silly currentTree ├── crypto-browserify@3.12.0
21 silly currentTree ├── d@1.0.0
21 silly currentTree ├── date-now@0.1.4
21 silly currentTree ├── decamelize@1.2.0
21 silly currentTree ├── defined@1.0.0
21 silly currentTree ├── deps-sort@2.0.0
21 silly currentTree ├── des.js@1.0.0
21 silly currentTree ├── detective@5.0.2
21 silly currentTree ├── diffie-hellman@5.0.2
21 silly currentTree ├── domain-browser@1.2.0
21 silly currentTree ├── duplexer2@0.1.4
21 silly currentTree ├── elliptic@6.4.0
21 silly currentTree ├── emojis-list@2.1.0
21 silly currentTree ├── enhanced-resolve@3.4.1
21 silly currentTree ├── errno@0.1.7
21 silly currentTree ├── error-ex@1.3.1
21 silly currentTree ├── es5-ext@0.10.39
21 silly currentTree ├── es6-iterator@2.0.3
21 silly currentTree ├── es6-map@0.1.5
21 silly currentTree ├── es6-set@0.1.5
21 silly currentTree ├── es6-symbol@3.1.1
21 silly currentTree ├── es6-weak-map@2.0.2
21 silly currentTree ├── escape-string-regexp@1.0.5
21 silly currentTree ├── escope@3.6.0
21 silly currentTree ├── esrecurse@4.2.0
21 silly currentTree ├── estraverse@4.2.0
21 silly currentTree ├── event-emitter@0.3.5
21 silly currentTree ├── events@1.1.1
21 silly currentTree ├── evp_bytestokey@1.0.3
21 silly currentTree ├── execa@0.7.0
21 silly currentTree ├── expand-brackets@0.1.5
21 silly currentTree ├── expand-range@1.8.2
21 silly currentTree ├── extglob@0.3.2
21 silly currentTree ├── fast-deep-equal@1.0.0
21 silly currentTree ├── fast-json-stable-stringify@2.0.0
21 silly currentTree ├── filename-regex@2.0.1
21 silly currentTree ├── fill-range@2.2.3
21 silly currentTree ├── find-up@2.1.0
21 silly currentTree ├── for-in@1.0.2
21 silly currentTree ├── for-own@0.1.5
21 silly currentTree ├── fs.realpath@1.0.0
21 silly currentTree ├─┬ fsevents@1.1.3
21 silly currentTree │ ├── abbrev@1.1.0
21 silly currentTree │ ├── ajv@4.11.8
21 silly currentTree │ ├── ansi-regex@2.1.1
21 silly currentTree │ ├── aproba@1.1.1
21 silly currentTree │ ├── are-we-there-yet@1.1.4
21 silly currentTree │ ├── asn1@0.2.3
21 silly currentTree │ ├── assert-plus@0.2.0
21 silly currentTree │ ├── asynckit@0.4.0
21 silly currentTree │ ├── aws-sign2@0.6.0
21 silly currentTree │ ├── aws4@1.6.0
21 silly currentTree │ ├── balanced-match@0.4.2
21 silly currentTree │ ├── bcrypt-pbkdf@1.0.1
21 silly currentTree │ ├── block-stream@0.0.9
21 silly currentTree │ ├── boom@2.10.1
21 silly currentTree │ ├── brace-expansion@1.1.7
21 silly currentTree │ ├── buffer-shims@1.0.0
21 silly currentTree │ ├── caseless@0.12.0
21 silly currentTree │ ├── co@4.6.0
21 silly currentTree │ ├── code-point-at@1.1.0
21 silly currentTree │ ├── combined-stream@1.0.5
21 silly currentTree │ ├── concat-map@0.0.1
21 silly currentTree │ ├── console-control-strings@1.1.0
21 silly currentTree │ ├── core-util-is@1.0.2
21 silly currentTree │ ├── cryptiles@2.0.5
21 silly currentTree │ ├─┬ dashdash@1.14.1
21 silly currentTree │ │ └── assert-plus@1.0.0
21 silly currentTree │ ├── debug@2.6.8
21 silly currentTree │ ├── deep-extend@0.4.2
21 silly currentTree │ ├── delayed-stream@1.0.0
21 silly currentTree │ ├── delegates@1.0.0
21 silly currentTree │ ├── detect-libc@1.0.2
21 silly currentTree │ ├── ecc-jsbn@0.1.1
21 silly currentTree │ ├── extend@3.0.1
21 silly currentTree │ ├── extsprintf@1.0.2
21 silly currentTree │ ├── forever-agent@0.6.1
21 silly currentTree │ ├── form-data@2.1.4
21 silly currentTree │ ├── fs.realpath@1.0.0
21 silly currentTree │ ├── fstream-ignore@1.0.5
21 silly currentTree │ ├── fstream@1.0.11
21 silly currentTree │ ├── gauge@2.7.4
21 silly currentTree │ ├─┬ getpass@0.1.7
21 silly currentTree │ │ └── assert-plus@1.0.0
21 silly currentTree │ ├── glob@7.1.2
21 silly currentTree │ ├── graceful-fs@4.1.11
21 silly currentTree │ ├── har-schema@1.0.5
21 silly currentTree │ ├── har-validator@4.2.1
21 silly currentTree │ ├── has-unicode@2.0.1
21 silly currentTree │ ├── hawk@3.1.3
21 silly currentTree │ ├── hoek@2.16.3
21 silly currentTree │ ├── http-signature@1.1.1
21 silly currentTree │ ├── inflight@1.0.6
21 silly currentTree │ ├── inherits@2.0.3
21 silly currentTree │ ├── ini@1.3.4
21 silly currentTree │ ├── is-fullwidth-code-point@1.0.0
21 silly currentTree │ ├── is-typedarray@1.0.0
21 silly currentTree │ ├── isarray@1.0.0
21 silly currentTree │ ├── isstream@0.1.2
21 silly currentTree │ ├── jodid25519@1.0.2
21 silly currentTree │ ├── jsbn@0.1.1
21 silly currentTree │ ├── json-schema@0.2.3
21 silly currentTree │ ├── json-stable-stringify@1.0.1
21 silly currentTree │ ├── json-stringify-safe@5.0.1
21 silly currentTree │ ├── jsonify@0.0.0
21 silly currentTree │ ├─┬ jsprim@1.4.0
21 silly currentTree │ │ └── assert-plus@1.0.0
21 silly currentTree │ ├── mime-db@1.27.0
21 silly currentTree │ ├── mime-types@2.1.15
21 silly currentTree │ ├── minimatch@3.0.4
21 silly currentTree │ ├── minimist@0.0.8
21 silly currentTree │ ├── mkdirp@0.5.1
21 silly currentTree │ ├── ms@2.0.0
21 silly currentTree │ ├── node-pre-gyp@0.6.39
21 silly currentTree │ ├── nopt@4.0.1
21 silly currentTree │ ├── npmlog@4.1.0
21 silly currentTree │ ├── number-is-nan@1.0.1
21 silly currentTree │ ├── oauth-sign@0.8.2
21 silly currentTree │ ├── object-assign@4.1.1
21 silly currentTree │ ├── once@1.4.0
21 silly currentTree │ ├── os-homedir@1.0.2
21 silly currentTree │ ├── os-tmpdir@1.0.2
21 silly currentTree │ ├── osenv@0.1.4
21 silly currentTree │ ├── path-is-absolute@1.0.1
21 silly currentTree │ ├── performance-now@0.2.0
21 silly currentTree │ ├── process-nextick-args@1.0.7
21 silly currentTree │ ├── punycode@1.4.1
21 silly currentTree │ ├── qs@6.4.0
21 silly currentTree │ ├─┬ rc@1.2.1
21 silly currentTree │ │ └── minimist@1.2.0
21 silly currentTree │ ├── readable-stream@2.2.9
21 silly currentTree │ ├── request@2.81.0
21 silly currentTree │ ├── rimraf@2.6.1
21 silly currentTree │ ├── safe-buffer@5.0.1
21 silly currentTree │ ├── semver@5.3.0
21 silly currentTree │ ├── set-blocking@2.0.0
21 silly currentTree │ ├── signal-exit@3.0.2
21 silly currentTree │ ├── sntp@1.0.9
21 silly currentTree │ ├─┬ sshpk@1.13.0
21 silly currentTree │ │ └── assert-plus@1.0.0
21 silly currentTree │ ├── string_decoder@1.0.1
21 silly currentTree │ ├── string-width@1.0.2
21 silly currentTree │ ├── stringstream@0.0.5
21 silly currentTree │ ├── strip-ansi@3.0.1
21 silly currentTree │ ├── strip-json-comments@2.0.1
21 silly currentTree │ ├── tar-pack@3.4.0
21 silly currentTree │ ├── tar@2.2.1
21 silly currentTree │ ├── tough-cookie@2.3.2
21 silly currentTree │ ├── tunnel-agent@0.6.0
21 silly currentTree │ ├── tweetnacl@0.14.5
21 silly currentTree │ ├── uid-number@0.0.6
21 silly currentTree │ ├── util-deprecate@1.0.2
21 silly currentTree │ ├── uuid@3.0.1
21 silly currentTree │ ├── verror@1.3.6
21 silly currentTree │ ├── wide-align@1.1.2
21 silly currentTree │ └── wrappy@1.0.2
21 silly currentTree ├── function-bind@1.1.1
21 silly currentTree ├── get-caller-file@1.0.2
21 silly currentTree ├── get-stream@3.0.0
21 silly currentTree ├── glob-base@0.3.0
21 silly currentTree ├── glob-parent@2.0.0
21 silly currentTree ├── glob@7.1.2
21 silly currentTree ├── graceful-fs@4.1.11
21 silly currentTree ├── has-flag@3.0.0
21 silly currentTree ├── has@1.0.1
21 silly currentTree ├── hash-base@2.0.2
21 silly currentTree ├── hash.js@1.1.3
21 silly currentTree ├── hmac-drbg@1.0.1
21 silly currentTree ├── hosted-git-info@2.5.0
21 silly currentTree ├── htmlescape@1.1.1
21 silly currentTree ├── https-browserify@1.0.0
21 silly currentTree ├── ieee754@1.1.8
21 silly currentTree ├── indexof@0.0.1
21 silly currentTree ├── inflight@1.0.6
21 silly currentTree ├── inherits@2.0.3
21 silly currentTree ├── inline-source-map@0.6.2
21 silly currentTree ├─┬ insert-module-globals@7.0.1
21 silly currentTree │ ├── combine-source-map@0.7.2
21 silly currentTree │ ├── concat-stream@1.5.2
21 silly currentTree │ ├── process-nextick-args@1.0.7
21 silly currentTree │ ├── readable-stream@2.0.6
21 silly currentTree │ └── string_decoder@0.10.31
21 silly currentTree ├── interpret@1.1.0
21 silly currentTree ├── invert-kv@1.0.0
21 silly currentTree ├── is-arrayish@0.2.1
21 silly currentTree ├── is-binary-path@1.0.1
21 silly currentTree ├── is-buffer@1.1.6
21 silly currentTree ├── is-builtin-module@1.0.0
21 silly currentTree ├── is-dotfile@1.0.3
21 silly currentTree ├── is-equal-shallow@0.1.3
21 silly currentTree ├── is-extendable@0.1.1
21 silly currentTree ├── is-extglob@1.0.0
21 silly currentTree ├── is-fullwidth-code-point@1.0.0
21 silly currentTree ├── is-glob@2.0.1
21 silly currentTree ├── is-number@2.1.0
21 silly currentTree ├── is-posix-bracket@0.1.1
21 silly currentTree ├── is-primitive@2.0.0
21 silly currentTree ├── is-stream@1.1.0
21 silly currentTree ├── isarray@1.0.0
21 silly currentTree ├── isexe@2.0.0
21 silly currentTree ├── isobject@2.1.0
21 silly currentTree ├── json-loader@0.5.7
21 silly currentTree ├── json-schema-traverse@0.3.1
21 silly currentTree ├── json-stable-stringify@0.0.1
21 silly currentTree ├── json5@0.5.1
21 silly currentTree ├── jsonify@0.0.0
21 silly currentTree ├── jsonparse@1.3.1
21 silly currentTree ├── JSONStream@1.3.2
21 silly currentTree ├── kind-of@3.2.2
21 silly currentTree ├─┬ labeled-stream-splicer@2.0.0
21 silly currentTree │ └── isarray@0.0.1
21 silly currentTree ├── lazy-cache@1.0.4
21 silly currentTree ├── lcid@1.0.0
21 silly currentTree ├── lexical-scope@1.2.0
21 silly currentTree ├── linearalgea@0.0.1
21 silly currentTree ├── lispish.js@0.0.1
21 silly currentTree ├── load-json-file@2.0.0
21 silly currentTree ├── loader-runner@2.3.0
21 silly currentTree ├── loader-utils@1.1.0
21 silly currentTree ├── locate-path@2.0.0
21 silly currentTree ├── lodash.memoize@3.0.4
21 silly currentTree ├── lodash@4.17.5
21 silly currentTree ├── longest@1.0.1
21 silly currentTree ├── lru-cache@4.1.1
21 silly currentTree ├─┬ md5.js@1.3.4
21 silly currentTree │ └── hash-base@3.0.4
21 silly currentTree ├── mem@1.1.0
21 silly currentTree ├── memory-fs@0.4.1
21 silly currentTree ├── micromatch@2.3.11
21 silly currentTree ├── miller-rabin@4.0.1
21 silly currentTree ├── mimic-fn@1.2.0
21 silly currentTree ├── minimalistic-assert@1.0.0
21 silly currentTree ├── minimalistic-crypto-utils@1.0.1
21 silly currentTree ├── minimatch@3.0.4
21 silly currentTree ├── minimist@0.0.8
21 silly currentTree ├── mkdirp@0.5.1
21 silly currentTree ├── module-deps@6.0.0
21 silly currentTree ├── nan@2.9.2
21 silly currentTree ├── node-libs-browser@2.1.0
21 silly currentTree ├── normalize-package-data@2.4.0
21 silly currentTree ├── normalize-path@2.1.1
21 silly currentTree ├── npm-run-path@2.0.2
21 silly currentTree ├── number-is-nan@1.0.1
21 silly currentTree ├── object-assign@4.1.1
21 silly currentTree ├── object.omit@2.0.1
21 silly currentTree ├── once@1.4.0
21 silly currentTree ├── os-browserify@0.3.0
21 silly currentTree ├── os-locale@2.1.0
21 silly currentTree ├── p-finally@1.0.0
21 silly currentTree ├── p-limit@1.2.0
21 silly currentTree ├── p-locate@2.0.0
21 silly currentTree ├── p-try@1.0.0
21 silly currentTree ├── pako@1.0.6
21 silly currentTree ├── parents@1.0.1
21 silly currentTree ├── parse-asn1@5.1.0
21 silly currentTree ├── parse-glob@3.0.4
21 silly currentTree ├── parse-json@2.2.0
21 silly currentTree ├── path-browserify@0.0.0
21 silly currentTree ├── path-exists@3.0.0
21 silly currentTree ├── path-is-absolute@1.0.1
21 silly currentTree ├── path-key@2.0.1
21 silly currentTree ├── path-parse@1.0.5
21 silly currentTree ├── path-platform@0.11.15
21 silly currentTree ├── path-type@2.0.0
21 silly currentTree ├── pbkdf2@3.0.14
21 silly currentTree ├── pify@2.3.0
21 silly currentTree ├── preserve@0.2.0
21 silly currentTree ├── process-nextick-args@2.0.0
21 silly currentTree ├── process@0.11.10
21 silly currentTree ├── projectwavybits@0.0.1
21 silly currentTree ├── prr@1.0.1
21 silly currentTree ├── pseudomap@1.0.2
21 silly currentTree ├── public-encrypt@4.0.0
21 silly currentTree ├── punycode@1.4.1
21 silly currentTree ├── querystring-es3@0.2.1
21 silly currentTree ├── querystring@0.2.0
21 silly currentTree ├─┬ randomatic@1.1.7
21 silly currentTree │ ├─┬ is-number@3.0.0
21 silly currentTree │ │ └── kind-of@3.2.2
21 silly currentTree │ └── kind-of@4.0.0
21 silly currentTree ├── randombytes@2.0.6
21 silly currentTree ├── randomfill@1.0.4
21 silly currentTree ├── read-only-stream@2.0.0
21 silly currentTree ├── read-pkg-up@2.0.0
21 silly currentTree ├── read-pkg@2.0.0
21 silly currentTree ├── readable-stream@2.3.4
21 silly currentTree ├── readdirp@2.1.0
21 silly currentTree ├── regex-cache@0.4.4
21 silly currentTree ├── remove-trailing-separator@1.1.0
21 silly currentTree ├── repeat-element@1.1.2
21 silly currentTree ├── repeat-string@1.6.1
21 silly currentTree ├── require-directory@2.1.1
21 silly currentTree ├── require-main-filename@1.0.1
21 silly currentTree ├── resolve@1.5.0
21 silly currentTree ├── right-align@0.1.3
21 silly currentTree ├── ripemd160@2.0.1
21 silly currentTree ├── safe-buffer@5.1.1
21 silly currentTree ├── semver@5.5.0
21 silly currentTree ├── set-blocking@2.0.0
21 silly currentTree ├── set-immediate-shim@1.0.1
21 silly currentTree ├── setimmediate@1.0.5
21 silly currentTree ├── sha.js@2.4.10
21 silly currentTree ├── shasum@1.0.2
21 silly currentTree ├── shebang-command@1.2.0
21 silly currentTree ├── shebang-regex@1.0.0
21 silly currentTree ├── shell-quote@1.6.1
21 silly currentTree ├── signal-exit@3.0.2
21 silly currentTree ├── source-list-map@2.0.0
21 silly currentTree ├── source-map@0.5.7
21 silly currentTree ├── spdx-correct@1.0.2
21 silly currentTree ├── spdx-expression-parse@1.0.4
21 silly currentTree ├── spdx-license-ids@1.2.2
21 silly currentTree ├── stream-browserify@2.0.1
21 silly currentTree ├── stream-combiner2@1.1.1
21 silly currentTree ├── stream-http@2.8.0
21 silly currentTree ├── stream-splicer@2.0.0
21 silly currentTree ├── string_decoder@1.0.3
21 silly currentTree ├─┬ string-width@2.1.1
21 silly currentTree │ ├── ansi-regex@3.0.0
21 silly currentTree │ ├── is-fullwidth-code-point@2.0.0
21 silly currentTree │ └── strip-ansi@4.0.0
21 silly currentTree ├── strip-ansi@3.0.1
21 silly currentTree ├── strip-bom@3.0.0
21 silly currentTree ├── strip-eof@1.0.0
21 silly currentTree ├─┬ subarg@1.0.0
21 silly currentTree │ └── minimist@1.2.0
21 silly currentTree ├── supports-color@5.2.0
21 silly currentTree ├── syntax-error@1.4.0
21 silly currentTree ├── tapable@0.2.8
21 silly currentTree ├── through@2.3.8
21 silly currentTree ├── through2@2.0.3
21 silly currentTree ├── timers-browserify@2.0.6
21 silly currentTree ├── to-arraybuffer@1.0.1
21 silly currentTree ├── ts-loader@2.3.7
21 silly currentTree ├── tty-browserify@0.0.0
21 silly currentTree ├── typedarray@0.0.6
21 silly currentTree ├── typescript@2.7.2
21 silly currentTree ├─┬ uglify-js@2.8.29
21 silly currentTree │ └── yargs@3.10.0
21 silly currentTree ├── uglify-to-browserify@1.0.2
21 silly currentTree ├── uglifyjs-webpack-plugin@0.4.6
21 silly currentTree ├── umd@3.0.1
21 silly currentTree ├─┬ url@0.11.0
21 silly currentTree │ └── punycode@1.3.2
21 silly currentTree ├── util-deprecate@1.0.2
21 silly currentTree ├─┬ util@0.10.3
21 silly currentTree │ └── inherits@2.0.1
21 silly currentTree ├── validate-npm-package-license@3.0.1
21 silly currentTree ├── videoascii@0.0.1
21 silly currentTree ├── vm-browserify@0.0.4
21 silly currentTree ├── vu@0.0.1
21 silly currentTree ├── watchpack@1.4.0
21 silly currentTree ├─┬ webpack-sources@1.1.0
21 silly currentTree │ └── source-map@0.6.1
21 silly currentTree ├─┬ webpack@3.11.0
21 silly currentTree │ ├── has-flag@2.0.0
21 silly currentTree │ └── supports-color@4.5.0
21 silly currentTree ├── which-module@2.0.0
21 silly currentTree ├── which@1.3.0
21 silly currentTree ├── window-size@0.1.0
21 silly currentTree ├── wireframe@0.0.1
21 silly currentTree ├── wordwrap@0.0.2
21 silly currentTree ├─┬ wrap-ansi@2.1.0
21 silly currentTree │ └── string-width@1.0.2
21 silly currentTree ├── wrappy@1.0.2
21 silly currentTree ├── xtend@4.0.1
21 silly currentTree ├── y18n@3.2.1
21 silly currentTree ├── yallist@2.1.2
21 silly currentTree ├─┬ yargs-parser@7.0.0
21 silly currentTree │ └── camelcase@4.1.0
21 silly currentTree └─┬ yargs@8.0.2
21 silly currentTree   ├── camelcase@4.1.0
21 silly currentTree   └─┬ cliui@3.2.0
21 silly currentTree     └── string-width@1.0.2
22 silly idealTree site@0.0.1
22 silly idealTree ├── @browserify/acorn5-object-spread@5.0.1
22 silly idealTree ├── @types/node@8.9.4
22 silly idealTree ├─┬ acorn-dynamic-import@2.0.2
22 silly idealTree │ └── acorn@4.0.13
22 silly idealTree ├── acorn-node@1.3.0
22 silly idealTree ├── acorn@5.4.1
22 silly idealTree ├── ajv-keywords@3.1.0
22 silly idealTree ├── ajv@6.1.1
22 silly idealTree ├── align-text@0.1.4
22 silly idealTree ├── ansi-regex@2.1.1
22 silly idealTree ├── ansi-styles@3.2.0
22 silly idealTree ├── anymatch@1.3.2
22 silly idealTree ├── arr-diff@2.0.0
22 silly idealTree ├── arr-flatten@1.1.0
22 silly idealTree ├── array-filter@0.0.1
22 silly idealTree ├── array-map@0.0.0
22 silly idealTree ├── array-reduce@0.0.0
22 silly idealTree ├── array-unique@0.2.1
22 silly idealTree ├── asciify@0.0.1
22 silly idealTree ├── asn1.js@4.10.1
22 silly idealTree ├── assert@1.4.1
22 silly idealTree ├── astar@0.0.1
22 silly idealTree ├─┬ astw@2.2.0
22 silly idealTree │ └── acorn@4.0.13
22 silly idealTree ├── async-each@1.0.1
22 silly idealTree ├── async@2.6.0
22 silly idealTree ├── balanced-match@1.0.0
22 silly idealTree ├── base64-js@1.2.3
22 silly idealTree ├── big.js@3.2.0
22 silly idealTree ├── binary-extensions@1.11.0
22 silly idealTree ├── bn.js@4.11.8
22 silly idealTree ├── boltzmann@0.0.1
22 silly idealTree ├── brace-expansion@1.1.11
22 silly idealTree ├── braces@1.8.5
22 silly idealTree ├── brorand@1.1.0
22 silly idealTree ├── browser-pack@6.0.4
22 silly idealTree ├─┬ browser-resolve@1.11.2
22 silly idealTree │ └── resolve@1.1.7
22 silly idealTree ├── browserify-aes@1.1.1
22 silly idealTree ├── browserify-cipher@1.0.0
22 silly idealTree ├── browserify-des@1.0.0
22 silly idealTree ├── browserify-rsa@4.0.1
22 silly idealTree ├── browserify-sign@4.0.4
22 silly idealTree ├── browserify-zlib@0.2.0
22 silly idealTree ├─┬ browserify@16.1.0
22 silly idealTree │ ├── buffer@5.1.0
22 silly idealTree │ ├── events@2.0.0
22 silly idealTree │ ├── timers-browserify@1.4.2
22 silly idealTree │ └── tty-browserify@0.0.1
22 silly idealTree ├── buffer-xor@1.0.3
22 silly idealTree ├── buffer@4.9.1
22 silly idealTree ├── builtin-modules@1.1.1
22 silly idealTree ├── builtin-status-codes@3.0.0
22 silly idealTree ├── cached-path-relative@1.0.1
22 silly idealTree ├── camelcase@1.2.1
22 silly idealTree ├── center-align@0.1.3
22 silly idealTree ├── chalk@2.3.1
22 silly idealTree ├── chokidar@1.7.0
22 silly idealTree ├── cipher-base@1.0.4
22 silly idealTree ├── cliui@2.1.0
22 silly idealTree ├── code-point-at@1.1.0
22 silly idealTree ├── color-convert@1.9.1
22 silly idealTree ├── color-name@1.1.3
22 silly idealTree ├── colour@0.0.1
22 silly idealTree ├── combine-source-map@0.8.0
22 silly idealTree ├── concat-map@0.0.1
22 silly idealTree ├── concat-stream@1.6.0
22 silly idealTree ├── console-browserify@1.1.0
22 silly idealTree ├── constants-browserify@1.0.0
22 silly idealTree ├── convert-source-map@1.1.3
22 silly idealTree ├── conway@0.0.1
22 silly idealTree ├── core-util-is@1.0.2
22 silly idealTree ├── create-ecdh@4.0.0
22 silly idealTree ├── create-hash@1.1.3
22 silly idealTree ├── create-hmac@1.1.6
22 silly idealTree ├── cross-spawn@5.1.0
22 silly idealTree ├── crypto-browserify@3.12.0
22 silly idealTree ├── d@1.0.0
22 silly idealTree ├── date-now@0.1.4
22 silly idealTree ├── decamelize@1.2.0
22 silly idealTree ├── defined@1.0.0
22 silly idealTree ├── deps-sort@2.0.0
22 silly idealTree ├── des.js@1.0.0
22 silly idealTree ├── detective@5.0.2
22 silly idealTree ├── diffie-hellman@5.0.2
22 silly idealTree ├── domain-browser@1.2.0
22 silly idealTree ├── duplexer2@0.1.4
22 silly idealTree ├── elliptic@6.4.0
22 silly idealTree ├── emojis-list@2.1.0
22 silly idealTree ├── enhanced-resolve@3.4.1
22 silly idealTree ├── errno@0.1.7
22 silly idealTree ├── error-ex@1.3.1
22 silly idealTree ├── es5-ext@0.10.39
22 silly idealTree ├── es6-iterator@2.0.3
22 silly idealTree ├── es6-map@0.1.5
22 silly idealTree ├── es6-set@0.1.5
22 silly idealTree ├── es6-symbol@3.1.1
22 silly idealTree ├── es6-weak-map@2.0.2
22 silly idealTree ├── escape-string-regexp@1.0.5
22 silly idealTree ├── escope@3.6.0
22 silly idealTree ├── esrecurse@4.2.0
22 silly idealTree ├── estraverse@4.2.0
22 silly idealTree ├── event-emitter@0.3.5
22 silly idealTree ├── events@1.1.1
22 silly idealTree ├── evp_bytestokey@1.0.3
22 silly idealTree ├── execa@0.7.0
22 silly idealTree ├── expand-brackets@0.1.5
22 silly idealTree ├── expand-range@1.8.2
22 silly idealTree ├── extglob@0.3.2
22 silly idealTree ├── fast-deep-equal@1.0.0
22 silly idealTree ├── fast-json-stable-stringify@2.0.0
22 silly idealTree ├── filename-regex@2.0.1
22 silly idealTree ├── fill-range@2.2.3
22 silly idealTree ├── find-up@2.1.0
22 silly idealTree ├── for-in@1.0.2
22 silly idealTree ├── for-own@0.1.5
22 silly idealTree ├── fs.realpath@1.0.0
22 silly idealTree ├─┬ fsevents@1.1.3
22 silly idealTree │ ├── abbrev@1.1.0
22 silly idealTree │ ├── ajv@4.11.8
22 silly idealTree │ ├── ansi-regex@2.1.1
22 silly idealTree │ ├── aproba@1.1.1
22 silly idealTree │ ├── are-we-there-yet@1.1.4
22 silly idealTree │ ├── asn1@0.2.3
22 silly idealTree │ ├── assert-plus@0.2.0
22 silly idealTree │ ├── asynckit@0.4.0
22 silly idealTree │ ├── aws-sign2@0.6.0
22 silly idealTree │ ├── aws4@1.6.0
22 silly idealTree │ ├── balanced-match@0.4.2
22 silly idealTree │ ├── bcrypt-pbkdf@1.0.1
22 silly idealTree │ ├── block-stream@0.0.9
22 silly idealTree │ ├── boom@2.10.1
22 silly idealTree │ ├── brace-expansion@1.1.7
22 silly idealTree │ ├── buffer-shims@1.0.0
22 silly idealTree │ ├── caseless@0.12.0
22 silly idealTree │ ├── co@4.6.0
22 silly idealTree │ ├── code-point-at@1.1.0
22 silly idealTree │ ├── combined-stream@1.0.5
22 silly idealTree │ ├── concat-map@0.0.1
22 silly idealTree │ ├── console-control-strings@1.1.0
22 silly idealTree │ ├── core-util-is@1.0.2
22 silly idealTree │ ├── cryptiles@2.0.5
22 silly idealTree │ ├─┬ dashdash@1.14.1
22 silly idealTree │ │ └── assert-plus@1.0.0
22 silly idealTree │ ├── debug@2.6.8
22 silly idealTree │ ├── deep-extend@0.4.2
22 silly idealTree │ ├── delayed-stream@1.0.0
22 silly idealTree │ ├── delegates@1.0.0
22 silly idealTree │ ├── detect-libc@1.0.2
22 silly idealTree │ ├── ecc-jsbn@0.1.1
22 silly idealTree │ ├── extend@3.0.1
22 silly idealTree │ ├── extsprintf@1.0.2
22 silly idealTree │ ├── forever-agent@0.6.1
22 silly idealTree │ ├── form-data@2.1.4
22 silly idealTree │ ├── fs.realpath@1.0.0
22 silly idealTree │ ├── fstream-ignore@1.0.5
22 silly idealTree │ ├── fstream@1.0.11
22 silly idealTree │ ├── gauge@2.7.4
22 silly idealTree │ ├─┬ getpass@0.1.7
22 silly idealTree │ │ └── assert-plus@1.0.0
22 silly idealTree │ ├── glob@7.1.2
22 silly idealTree │ ├── graceful-fs@4.1.11
22 silly idealTree │ ├── har-schema@1.0.5
22 silly idealTree │ ├── har-validator@4.2.1
22 silly idealTree │ ├── has-unicode@2.0.1
22 silly idealTree │ ├── hawk@3.1.3
22 silly idealTree │ ├── hoek@2.16.3
22 silly idealTree │ ├── http-signature@1.1.1
22 silly idealTree │ ├── inflight@1.0.6
22 silly idealTree │ ├── inherits@2.0.3
22 silly idealTree │ ├── ini@1.3.4
22 silly idealTree │ ├── is-fullwidth-code-point@1.0.0
22 silly idealTree │ ├── is-typedarray@1.0.0
22 silly idealTree │ ├── isarray@1.0.0
22 silly idealTree │ ├── isstream@0.1.2
22 silly idealTree │ ├── jodid25519@1.0.2
22 silly idealTree │ ├── jsbn@0.1.1
22 silly idealTree │ ├── json-schema@0.2.3
22 silly idealTree │ ├── json-stable-stringify@1.0.1
22 silly idealTree │ ├── json-stringify-safe@5.0.1
22 silly idealTree │ ├── jsonify@0.0.0
22 silly idealTree │ ├─┬ jsprim@1.4.0
22 silly idealTree │ │ └── assert-plus@1.0.0
22 silly idealTree │ ├── mime-db@1.27.0
22 silly idealTree │ ├── mime-types@2.1.15
22 silly idealTree │ ├── minimatch@3.0.4
22 silly idealTree │ ├── minimist@0.0.8
22 silly idealTree │ ├── mkdirp@0.5.1
22 silly idealTree │ ├── ms@2.0.0
22 silly idealTree │ ├── node-pre-gyp@0.6.39
22 silly idealTree │ ├── nopt@4.0.1
22 silly idealTree │ ├── npmlog@4.1.0
22 silly idealTree │ ├── number-is-nan@1.0.1
22 silly idealTree │ ├── oauth-sign@0.8.2
22 silly idealTree │ ├── object-assign@4.1.1
22 silly idealTree │ ├── once@1.4.0
22 silly idealTree │ ├── os-homedir@1.0.2
22 silly idealTree │ ├── os-tmpdir@1.0.2
22 silly idealTree │ ├── osenv@0.1.4
22 silly idealTree │ ├── path-is-absolute@1.0.1
22 silly idealTree │ ├── performance-now@0.2.0
22 silly idealTree │ ├── process-nextick-args@1.0.7
22 silly idealTree │ ├── punycode@1.4.1
22 silly idealTree │ ├── qs@6.4.0
22 silly idealTree │ ├─┬ rc@1.2.1
22 silly idealTree │ │ └── minimist@1.2.0
22 silly idealTree │ ├── readable-stream@2.2.9
22 silly idealTree │ ├── request@2.81.0
22 silly idealTree │ ├── rimraf@2.6.1
22 silly idealTree │ ├── safe-buffer@5.0.1
22 silly idealTree │ ├── semver@5.3.0
22 silly idealTree │ ├── set-blocking@2.0.0
22 silly idealTree │ ├── signal-exit@3.0.2
22 silly idealTree │ ├── sntp@1.0.9
22 silly idealTree │ ├─┬ sshpk@1.13.0
22 silly idealTree │ │ └── assert-plus@1.0.0
22 silly idealTree │ ├── string_decoder@1.0.1
22 silly idealTree │ ├── string-width@1.0.2
22 silly idealTree │ ├── stringstream@0.0.5
22 silly idealTree │ ├── strip-ansi@3.0.1
22 silly idealTree │ ├── strip-json-comments@2.0.1
22 silly idealTree │ ├── tar-pack@3.4.0
22 silly idealTree │ ├── tar@2.2.1
22 silly idealTree │ ├── tough-cookie@2.3.2
22 silly idealTree │ ├── tunnel-agent@0.6.0
22 silly idealTree │ ├── tweetnacl@0.14.5
22 silly idealTree │ ├── uid-number@0.0.6
22 silly idealTree │ ├── util-deprecate@1.0.2
22 silly idealTree │ ├── uuid@3.0.1
22 silly idealTree │ ├── verror@1.3.6
22 silly idealTree │ ├── wide-align@1.1.2
22 silly idealTree │ └── wrappy@1.0.2
22 silly idealTree ├── function-bind@1.1.1
22 silly idealTree ├── get-caller-file@1.0.2
22 silly idealTree ├── get-stream@3.0.0
22 silly idealTree ├── glob-base@0.3.0
22 silly idealTree ├── glob-parent@2.0.0
22 silly idealTree ├── glob@7.1.2
22 silly idealTree ├── graceful-fs@4.1.11
22 silly idealTree ├── has-flag@3.0.0
22 silly idealTree ├── has@1.0.1
22 silly idealTree ├── hash-base@2.0.2
22 silly idealTree ├── hash.js@1.1.3
22 silly idealTree ├── hmac-drbg@1.0.1
22 silly idealTree ├── hosted-git-info@2.5.0
22 silly idealTree ├── htmlescape@1.1.1
22 silly idealTree ├── https-browserify@1.0.0
22 silly idealTree ├── ieee754@1.1.8
22 silly idealTree ├── indexof@0.0.1
22 silly idealTree ├── inflight@1.0.6
22 silly idealTree ├── inherits@2.0.3
22 silly idealTree ├── inline-source-map@0.6.2
22 silly idealTree ├─┬ insert-module-globals@7.0.1
22 silly idealTree │ ├── combine-source-map@0.7.2
22 silly idealTree │ ├── concat-stream@1.5.2
22 silly idealTree │ ├── process-nextick-args@1.0.7
22 silly idealTree │ ├── readable-stream@2.0.6
22 silly idealTree │ └── string_decoder@0.10.31
22 silly idealTree ├── interpret@1.1.0
22 silly idealTree ├── invert-kv@1.0.0
22 silly idealTree ├── is-arrayish@0.2.1
22 silly idealTree ├── is-binary-path@1.0.1
22 silly idealTree ├── is-buffer@1.1.6
22 silly idealTree ├── is-builtin-module@1.0.0
22 silly idealTree ├── is-dotfile@1.0.3
22 silly idealTree ├── is-equal-shallow@0.1.3
22 silly idealTree ├── is-extendable@0.1.1
22 silly idealTree ├── is-extglob@1.0.0
22 silly idealTree ├── is-fullwidth-code-point@1.0.0
22 silly idealTree ├── is-glob@2.0.1
22 silly idealTree ├── is-number@2.1.0
22 silly idealTree ├── is-posix-bracket@0.1.1
22 silly idealTree ├── is-primitive@2.0.0
22 silly idealTree ├── is-stream@1.1.0
22 silly idealTree ├── isarray@1.0.0
22 silly idealTree ├── isexe@2.0.0
22 silly idealTree ├── isobject@2.1.0
22 silly idealTree ├── json-loader@0.5.7
22 silly idealTree ├── json-schema-traverse@0.3.1
22 silly idealTree ├── json-stable-stringify@0.0.1
22 silly idealTree ├── json5@0.5.1
22 silly idealTree ├── jsonify@0.0.0
22 silly idealTree ├── jsonparse@1.3.1
22 silly idealTree ├── JSONStream@1.3.2
22 silly idealTree ├── kind-of@3.2.2
22 silly idealTree ├─┬ labeled-stream-splicer@2.0.0
22 silly idealTree │ └── isarray@0.0.1
22 silly idealTree ├── lazy-cache@1.0.4
22 silly idealTree ├── lcid@1.0.0
22 silly idealTree ├── lexical-scope@1.2.0
22 silly idealTree ├── linearalgea@0.0.1
22 silly idealTree ├── lispish.js@0.0.1
22 silly idealTree ├── load-json-file@2.0.0
22 silly idealTree ├── loader-runner@2.3.0
22 silly idealTree ├── loader-utils@1.1.0
22 silly idealTree ├── locate-path@2.0.0
22 silly idealTree ├── lodash.memoize@3.0.4
22 silly idealTree ├── lodash@4.17.5
22 silly idealTree ├── longest@1.0.1
22 silly idealTree ├── lru-cache@4.1.1
22 silly idealTree ├─┬ md5.js@1.3.4
22 silly idealTree │ └── hash-base@3.0.4
22 silly idealTree ├── mem@1.1.0
22 silly idealTree ├── memory-fs@0.4.1
22 silly idealTree ├── micromatch@2.3.11
22 silly idealTree ├── miller-rabin@4.0.1
22 silly idealTree ├── mimic-fn@1.2.0
22 silly idealTree ├── minimalistic-assert@1.0.0
22 silly idealTree ├── minimalistic-crypto-utils@1.0.1
22 silly idealTree ├── minimatch@3.0.4
22 silly idealTree ├── minimist@0.0.8
22 silly idealTree ├── mkdirp@0.5.1
22 silly idealTree ├── module-deps@6.0.0
22 silly idealTree ├── nan@2.9.2
22 silly idealTree ├── node-libs-browser@2.1.0
22 silly idealTree ├── normalize-package-data@2.4.0
22 silly idealTree ├── normalize-path@2.1.1
22 silly idealTree ├── npm-run-path@2.0.2
22 silly idealTree ├── number-is-nan@1.0.1
22 silly idealTree ├── object-assign@4.1.1
22 silly idealTree ├── object.omit@2.0.1
22 silly idealTree ├── once@1.4.0
22 silly idealTree ├── os-browserify@0.3.0
22 silly idealTree ├── os-locale@2.1.0
22 silly idealTree ├── p-finally@1.0.0
22 silly idealTree ├── p-limit@1.2.0
22 silly idealTree ├── p-locate@2.0.0
22 silly idealTree ├── p-try@1.0.0
22 silly idealTree ├── pako@1.0.6
22 silly idealTree ├── parents@1.0.1
22 silly idealTree ├── parse-asn1@5.1.0
22 silly idealTree ├── parse-glob@3.0.4
22 silly idealTree ├── parse-json@2.2.0
22 silly idealTree ├── path-browserify@0.0.0
22 silly idealTree ├── path-exists@3.0.0
22 silly idealTree ├── path-is-absolute@1.0.1
22 silly idealTree ├── path-key@2.0.1
22 silly idealTree ├── path-parse@1.0.5
22 silly idealTree ├── path-platform@0.11.15
22 silly idealTree ├── path-type@2.0.0
22 silly idealTree ├── pbkdf2@3.0.14
22 silly idealTree ├── pify@2.3.0
22 silly idealTree ├── preserve@0.2.0
22 silly idealTree ├── process-nextick-args@2.0.0
22 silly idealTree ├── process@0.11.10
22 silly idealTree ├── projectwavybits@0.0.1
22 silly idealTree ├── prr@1.0.1
22 silly idealTree ├── pseudomap@1.0.2
22 silly idealTree ├── public-encrypt@4.0.0
22 silly idealTree ├── punycode@1.4.1
22 silly idealTree ├── querystring-es3@0.2.1
22 silly idealTree ├── querystring@0.2.0
22 silly idealTree ├─┬ randomatic@1.1.7
22 silly idealTree │ ├─┬ is-number@3.0.0
22 silly idealTree │ │ └── kind-of@3.2.2
22 silly idealTree │ └── kind-of@4.0.0
22 silly idealTree ├── randombytes@2.0.6
22 silly idealTree ├── randomfill@1.0.4
22 silly idealTree ├── read-only-stream@2.0.0
22 silly idealTree ├── read-pkg-up@2.0.0
22 silly idealTree ├── read-pkg@2.0.0
22 silly idealTree ├── readable-stream@2.3.4
22 silly idealTree ├── readdirp@2.1.0
22 silly idealTree ├── regex-cache@0.4.4
22 silly idealTree ├── remove-trailing-separator@1.1.0
22 silly idealTree ├── repeat-element@1.1.2
22 silly idealTree ├── repeat-string@1.6.1
22 silly idealTree ├── require-directory@2.1.1
22 silly idealTree ├── require-main-filename@1.0.1
22 silly idealTree ├── resolve@1.5.0
22 silly idealTree ├── right-align@0.1.3
22 silly idealTree ├── ripemd160@2.0.1
22 silly idealTree ├── safe-buffer@5.1.1
22 silly idealTree ├── semver@5.5.0
22 silly idealTree ├── set-blocking@2.0.0
22 silly idealTree ├── set-immediate-shim@1.0.1
22 silly idealTree ├── setimmediate@1.0.5
22 silly idealTree ├── sha.js@2.4.10
22 silly idealTree ├── shasum@1.0.2
22 silly idealTree ├── shebang-command@1.2.0
22 silly idealTree ├── shebang-regex@1.0.0
22 silly idealTree ├── shell-quote@1.6.1
22 silly idealTree ├── signal-exit@3.0.2
22 silly idealTree ├── source-list-map@2.0.0
22 silly idealTree ├── source-map@0.5.7
22 silly idealTree ├── spdx-correct@1.0.2
22 silly idealTree ├── spdx-expression-parse@1.0.4
22 silly idealTree ├── spdx-license-ids@1.2.2
22 silly idealTree ├── stream-browserify@2.0.1
22 silly idealTree ├── stream-combiner2@1.1.1
22 silly idealTree ├── stream-http@2.8.0
22 silly idealTree ├── stream-splicer@2.0.0
22 silly idealTree ├── string_decoder@1.0.3
22 silly idealTree ├─┬ string-width@2.1.1
22 silly idealTree │ ├── ansi-regex@3.0.0
22 silly idealTree │ ├── is-fullwidth-code-point@2.0.0
22 silly idealTree │ └── strip-ansi@4.0.0
22 silly idealTree ├── strip-ansi@3.0.1
22 silly idealTree ├── strip-bom@3.0.0
22 silly idealTree ├── strip-eof@1.0.0
22 silly idealTree ├─┬ subarg@1.0.0
22 silly idealTree │ └── minimist@1.2.0
22 silly idealTree ├── supports-color@5.2.0
22 silly idealTree ├── syntax-error@1.4.0
22 silly idealTree ├── tapable@0.2.8
22 silly idealTree ├── through@2.3.8
22 silly idealTree ├── through2@2.0.3
22 silly idealTree ├── timers-browserify@2.0.6
22 silly idealTree ├── to-arraybuffer@1.0.1
22 silly idealTree ├── ts-loader@2.3.7
22 silly idealTree ├── tty-browserify@0.0.0
22 silly idealTree ├── typedarray@0.0.6
22 silly idealTree ├── typescript@2.7.2
22 silly idealTree ├─┬ uglify-js@2.8.29
22 silly idealTree │ └── yargs@3.10.0
22 silly idealTree ├── uglify-to-browserify@1.0.2
22 silly idealTree ├── uglifyjs-webpack-plugin@0.4.6
22 silly idealTree ├── umd@3.0.1
22 silly idealTree ├─┬ url@0.11.0
22 silly idealTree │ └── punycode@1.3.2
22 silly idealTree ├── util-deprecate@1.0.2
22 silly idealTree ├─┬ util@0.10.3
22 silly idealTree │ └── inherits@2.0.1
22 silly idealTree ├── validate-npm-package-license@3.0.1
22 silly idealTree ├── videoascii@0.0.1
22 silly idealTree ├── vm-browserify@0.0.4
22 silly idealTree ├── vu@0.0.1
22 silly idealTree ├── watchpack@1.4.0
22 silly idealTree ├─┬ webpack-sources@1.1.0
22 silly idealTree │ └── source-map@0.6.1
22 silly idealTree ├─┬ webpack@3.11.0
22 silly idealTree │ ├── has-flag@2.0.0
22 silly idealTree │ └── supports-color@4.5.0
22 silly idealTree ├── which-module@2.0.0
22 silly idealTree ├── which@1.3.0
22 silly idealTree ├── window-size@0.1.0
22 silly idealTree ├── wireframe@0.0.1
22 silly idealTree ├── wordwrap@0.0.2
22 silly idealTree ├─┬ wrap-ansi@2.1.0
22 silly idealTree │ └── string-width@1.0.2
22 silly idealTree ├── wrappy@1.0.2
22 silly idealTree ├── xtend@4.0.1
22 silly idealTree ├── y18n@3.2.1
22 silly idealTree ├── yallist@2.1.2
22 silly idealTree ├─┬ yargs-parser@7.0.0
22 silly idealTree │ └── camelcase@4.1.0
22 silly idealTree └─┬ yargs@8.0.2
22 silly idealTree   ├── camelcase@4.1.0
22 silly idealTree   └─┬ cliui@3.2.0
22 silly idealTree     └── string-width@1.0.2
23 silly generateActionsToTake Starting
24 silly install generateActionsToTake
25 silly generateActionsToTake Finishing
26 silly diffTrees action count 0
27 silly decomposeActions action count 0
28 silly runTopLevelLifecycles Starting
29 silly install runPreinstallTopLevelLifecycles
30 silly preinstall site@0.0.1 /Users/ebenpack/Desktop/my-site/site-6df1ac86
31 info lifecycle site@0.0.1~preinstall: site@0.0.1
32 silly lifecycle site@0.0.1~preinstall: no script for preinstall, continuing
33 silly executeActions Starting
34 silly install executeActions
35 silly doSerial global-install 0
36 silly doParallel fetch 0
37 verbose correctMkdir /Users/ebenpack/.npm/_locks correctMkdir not in flight; initializing
38 verbose lock using /Users/ebenpack/.npm/_locks/staging-cbfbc2eafa3a1e59.lock for /Users/ebenpack/Desktop/my-site/node_modules/.staging
39 silly doParallel extract 0
40 silly doParallel preinstall 0
41 silly doReverseSerial remove 0
42 silly doSerial move 0
43 silly doSerial finalize 0
44 silly doSerial build 0
45 silly doSerial global-link 0
46 silly doParallel update-linked 0
47 silly doSerial install 0
48 silly doSerial postinstall 0
49 verbose unlock done using /Users/ebenpack/.npm/_locks/staging-cbfbc2eafa3a1e59.lock for /Users/ebenpack/Desktop/my-site/node_modules/.staging
50 silly executeActions Finishing
51 silly rollbackFailedOptional Starting
52 silly rollbackFailedOptional Finishing
53 silly install runPostinstallTopLevelLifecycles
54 silly build site@0.0.1
55 info linkStuff site@0.0.1
56 silly linkStuff site@0.0.1 has /Users/ebenpack/Desktop as its parent node_modules
57 verbose linkBins site@0.0.1
58 verbose linkMans site@0.0.1
59 silly install site@0.0.1 /Users/ebenpack/Desktop/my-site/site-6df1ac86
60 info lifecycle site@0.0.1~install: site@0.0.1
61 verbose lifecycle site@0.0.1~install: unsafe-perm in lifecycle true
62 verbose lifecycle site@0.0.1~install: PATH: /Users/ebenpack/.nvm/versions/node/v6.10.2/lib/node_modules/npm/bin/node-gyp-bin:/Users/ebenpack/Desktop/my-site/node_modules/.bin:/Users/ebenpack/Desktop/my-site/.stack-work/install/x86_64-osx/lts-10.5/8.2.2/bin:/Users/ebenpack/.stack/snapshots/x86_64-osx/lts-10.5/8.2.2/bin:/Users/ebenpack/.stack/compiler-tools/x86_64-osx/ghc-8.2.2/bin:/Users/ebenpack/.stack/programs/x86_64-osx/ghc-8.2.2/bin:/Users/ebenpack/.opam/system/bin:/Users/ebenpack/.nvm/versions/node/v6.10.2/bin:/Users/ebenpack/.local/bin:/Users/ebenpack/bin:/usr/local/bin:/Users/ebenpack/Library/Haskell/bin/:/Users/ebenpack/.cabal/bin:/Users/ebenpack/.nix-profile/bin:/Users/ebenpack/.nix-profile/sbin:/Users/ebenpack/.nix-profile/lib/kde4/libexec:/nix/var/nix/profiles/default/bin:/nix/var/nix/profiles/default/sbin:/nix/var/nix/profiles/default/lib/kde4/libexec:/usr/bin:/bin:/usr/sbin:/sbin:/usr/local/bin:/usr/local/MacGPG2/bin:/Users/ebenpack/.opam/system/bin:/Users/ebenpack/.local/bin:/Users/ebenpack/bin:/Users/ebenpack/Library/Haskell/bin/:/Users/ebenpack/.cabal/bin:/Users/ebenpack/.nix-profile/bin:/Users/ebenpack/.nix-profile/sbin:/Users/ebenpack/.nix-profile/lib/kde4/libexec:/nix/var/nix/profiles/default/bin:/nix/var/nix/profiles/default/sbin:/nix/var/nix/profiles/default/lib/kde4/libexec:/Users/ebenpack/.local/bin
63 verbose lifecycle site@0.0.1~install: CWD: /Users/ebenpack/Desktop/my-site
64 silly lifecycle site@0.0.1~install: Args: [ '-c',
64 silly lifecycle   'browserify js/main.js --standalone main > assets/js/bundle.js' ]
65 silly lifecycle site@0.0.1~install: Returned: code: 1  signal: null
66 info lifecycle site@0.0.1~install: Failed to exec install script
67 verbose stack Error: site@0.0.1 install: `browserify js/main.js --standalone main > assets/js/bundle.js`
67 verbose stack Exit status 1
67 verbose stack     at EventEmitter.<anonymous> (/Users/ebenpack/.nvm/versions/node/v6.10.2/lib/node_modules/npm/lib/utils/lifecycle.js:255:16)
67 verbose stack     at emitTwo (events.js:106:13)
67 verbose stack     at EventEmitter.emit (events.js:191:7)
67 verbose stack     at ChildProcess.<anonymous> (/Users/ebenpack/.nvm/versions/node/v6.10.2/lib/node_modules/npm/lib/utils/spawn.js:40:14)
67 verbose stack     at emitTwo (events.js:106:13)
67 verbose stack     at ChildProcess.emit (events.js:191:7)
67 verbose stack     at maybeClose (internal/child_process.js:886:16)
67 verbose stack     at Process.ChildProcess._handle.onexit (internal/child_process.js:226:5)
68 verbose pkgid site@0.0.1
69 verbose cwd /Users/ebenpack/Desktop/my-site
70 error Darwin 17.3.0
71 error argv "/Users/ebenpack/.nvm/versions/node/v6.10.2/bin/node" "/Users/ebenpack/.nvm/versions/node/v6.10.2/bin/npm" "install"
72 error node v6.10.2
73 error npm  v3.10.10
74 error code ELIFECYCLE
75 error site@0.0.1 install: `browserify js/main.js --standalone main > assets/js/bundle.js`
75 error Exit status 1
76 error Failed at the site@0.0.1 install script 'browserify js/main.js --standalone main > assets/js/bundle.js'.
76 error Make sure you have the latest version of node.js and npm installed.
76 error If you do, this is most likely a problem with the site package,
76 error not with npm itself.
76 error Tell the author that this fails on your system:
76 error     browserify js/main.js --standalone main > assets/js/bundle.js
76 error You can get information on how to open an issue for this project with:
76 error     npm bugs site
76 error Or if that isn't available, you can get their info via:
76 error     npm owner ls site
76 error There is likely additional logging output above.
77 verbose exit [ 1, true ]
